<?xml version="1.0" encoding="UTF-8"?>
<testsuite xmlns:xsi="http://www.w3.org/2001/XMLSchema-instance" xsi:noNamespaceSchemaLocation="https://maven.apache.org/surefire/maven-surefire-plugin/xsd/surefire-test-report.xsd" name="com.sg.superherosightings.data.LocationRepositoryTest" time="1.047" tests="1" errors="0" skipped="1" failures="0">
  <properties>
[...]
</properties>
  <testcase name="testFindUnattachedLocations" classname="com.sg.superherosightings.data.LocationRepositoryTest" time="0">
    <skipped/>
    <system-out><![CDATA[08:51:15.637 [main] DEBUG org.springframework.test.context.junit4.SpringJUnit4ClassRunner - SpringJUnit4ClassRunner constructor called with [class com.sg.superherosightings.data.LocationRepositoryTest]
08:51:15.652 [main] DEBUG org.springframework.test.context.BootstrapUtils - Instantiating CacheAwareContextLoaderDelegate from class [org.springframework.test.context.cache.DefaultCacheAwareContextLoaderDelegate]
08:51:15.652 [main] DEBUG org.springframework.test.context.BootstrapUtils - Instantiating BootstrapContext using constructor [public org.springframework.test.context.support.DefaultBootstrapContext(java.lang.Class,org.springframework.test.context.CacheAwareContextLoaderDelegate)]
08:51:15.684 [main] DEBUG org.springframework.test.context.BootstrapUtils - Instantiating TestContextBootstrapper for test class [com.sg.superherosightings.data.LocationRepositoryTest] from class [org.springframework.boot.test.context.SpringBootTestContextBootstrapper]
08:51:15.699 [main] INFO org.springframework.boot.test.context.SpringBootTestContextBootstrapper - Neither @ContextConfiguration nor @ContextHierarchy found for test class [com.sg.superherosightings.data.LocationRepositoryTest], using SpringBootContextLoader
08:51:15.715 [main] DEBUG org.springframework.test.context.support.AbstractContextLoader - Did not detect default resource location for test class [com.sg.superherosightings.data.LocationRepositoryTest]: class path resource [com/sg/superherosightings/data/LocationRepositoryTest-context.xml] does not exist
08:51:15.715 [main] DEBUG org.springframework.test.context.support.AbstractContextLoader - Did not detect default resource location for test class [com.sg.superherosightings.data.LocationRepositoryTest]: class path resource [com/sg/superherosightings/data/LocationRepositoryTestContext.groovy] does not exist
08:51:15.715 [main] INFO org.springframework.test.context.support.AbstractContextLoader - Could not detect default resource locations for test class [com.sg.superherosightings.data.LocationRepositoryTest]: no resource found for suffixes {-context.xml, Context.groovy}.
08:51:15.715 [main] INFO org.springframework.test.context.support.AnnotationConfigContextLoaderUtils - Could not detect default configuration classes for test class [com.sg.superherosightings.data.LocationRepositoryTest]: LocationRepositoryTest does not declare any static, non-private, non-final, nested classes annotated with @Configuration.
08:51:15.793 [main] DEBUG org.springframework.test.context.support.ActiveProfilesUtils - Could not find an 'annotation declaring class' for annotation type [org.springframework.test.context.ActiveProfiles] and class [com.sg.superherosightings.data.LocationRepositoryTest]
08:51:15.809 [main] DEBUG org.springframework.core.env.StandardEnvironment - Adding PropertySource 'systemProperties' with lowest search precedence
08:51:15.809 [main] DEBUG org.springframework.core.env.StandardEnvironment - Adding PropertySource 'systemEnvironment' with lowest search precedence
08:51:15.809 [main] DEBUG org.springframework.core.env.StandardEnvironment - Initialized StandardEnvironment with PropertySources [MapPropertySource@93314457 {name='systemProperties', properties={java.runtime.name=Java(TM) SE Runtime Environment, sun.boot.library.path=C:\Program Files\Java\jdk1.8.0_172\jre\bin, java.vm.version=25.172-b11, java.vm.vendor=Oracle Corporation, java.vendor.url=http://java.oracle.com/, path.separator=;, java.vm.name=Java HotSpot(TM) 64-Bit Server VM, file.encoding.pkg=sun.io, user.country=US, user.script=, sun.java.launcher=SUN_STANDARD, sun.os.patch.level=, java.vm.specification.name=Java Virtual Machine Specification, user.dir=C:\Users\amanda\Documents\Repos\amanda-hellenbrand-individual-work\SuperheroSightings, java.runtime.version=1.8.0_172-b11, basedir=C:\Users\amanda\Documents\Repos\amanda-hellenbrand-individual-work\SuperheroSightings, java.awt.graphicsenv=sun.awt.Win32GraphicsEnvironment, java.endorsed.dirs=C:\Program Files\Java\jdk1.8.0_172\jre\lib\endorsed, os.arch=amd64, surefire.real.class.path=C:\Users\amanda\AppData\Local\Temp\surefire1529536529505116081\surefirebooter6397697080966519990.jar, java.io.tmpdir=C:\Users\amanda\AppData\Local\Temp\, line.separator=
, java.vm.specification.vendor=Oracle Corporation, user.variant=, os.name=Windows 10, maven.ext.class.path=C:\Program Files\NetBeans 8.2\java\maven-nblib\netbeans-eventspy.jar, sun.jnu.encoding=Cp1252, java.library.path=C:\Program Files\Java\jdk1.8.0_172\jre\bin;C:\WINDOWS\Sun\Java\bin;C:\WINDOWS\system32;C:\WINDOWS;C:\Program Files (x86)\Common Files\Oracle\Java\javapath;C:\Program Files (x86)\iis express\PHP\v7.0;C:\WINDOWS\system32;C:\WINDOWS;C:\WINDOWS\System32\Wbem;C:\WINDOWS\System32\WindowsPowerShell\v1.0\;C:\Users\apprentice\.dnx\bin;C:\Program Files\Microsoft DNX\Dnvm\;C:\Program Files\Microsoft SQL Server\130\Tools\Binn\;C:\Program Files\Microsoft SQL Server\Client SDK\ODBC\110\Tools\Binn\;C:\Program Files (x86)\Microsoft SQL Server\120\Tools\Binn\;C:\Program Files\Microsoft SQL Server\120\Tools\Binn\;C:\Program Files\Microsoft SQL Server\120\DTS\Binn\;C:\Program Files (x86)\Microsoft SQL Server\120\Tools\Binn\ManagementStudio\;C:\Program Files (x86)\Microsoft SQL Server\120\DTS\Binn\;C:\WINDOWS\system32;C:\WINDOWS;C:\WINDOWS\System32\Wbem;C:\WINDOWS\System32\WindowsPowerShell\v1.0\;C:\Program Files\Java\jdk1.8.0_172\bin;C:\Program Files\Git\cmd;C:\Program Files\Java\jdk1.8.0_172\bin;C:\Users\amanda\AppData\Local\atom\bin;C:\Users\amanda\AppData\Local\Microsoft\WindowsApps;C:\Python27;;., surefire.test.class.path=C:\Users\amanda\Documents\Repos\amanda-hellenbrand-individual-work\SuperheroSightings\target\test-classes;C:\Users\amanda\Documents\Repos\amanda-hellenbrand-individual-work\SuperheroSightings\target\classes;C:\Users\amanda\.m2\repository\org\springframework\boot\spring-boot-starter-web\2.0.2.RELEASE\spring-boot-starter-web-2.0.2.RELEASE.jar;C:\Users\amanda\.m2\repository\org\springframework\boot\spring-boot-starter\2.0.2.RELEASE\spring-boot-starter-2.0.2.RELEASE.jar;C:\Users\amanda\.m2\repository\org\springframework\boot\spring-boot-starter-logging\2.0.2.RELEASE\spring-boot-starter-logging-2.0.2.RELEASE.jar;C:\Users\amanda\.m2\repository\ch\qos\logback\logback-classic\1.2.3\logback-classic-1.2.3.jar;C:\Users\amanda\.m2\repository\ch\qos\logback\logback-core\1.2.3\logback-core-1.2.3.jar;C:\Users\amanda\.m2\repository\org\apache\logging\log4j\log4j-to-slf4j\2.10.0\log4j-to-slf4j-2.10.0.jar;C:\Users\amanda\.m2\repository\org\apache\logging\log4j\log4j-api\2.10.0\log4j-api-2.10.0.jar;C:\Users\amanda\.m2\repository\org\slf4j\jul-to-slf4j\1.7.25\jul-to-slf4j-1.7.25.jar;C:\Users\amanda\.m2\repository\javax\annotation\javax.annotation-api\1.3.2\javax.annotation-api-1.3.2.jar;C:\Users\amanda\.m2\repository\org\yaml\snakeyaml\1.19\snakeyaml-1.19.jar;C:\Users\amanda\.m2\repository\org\springframework\boot\spring-boot-starter-json\2.0.2.RELEASE\spring-boot-starter-json-2.0.2.RELEASE.jar;C:\Users\amanda\.m2\repository\com\fasterxml\jackson\core\jackson-databind\2.9.5\jackson-databind-2.9.5.jar;C:\Users\amanda\.m2\repository\com\fasterxml\jackson\core\jackson-annotations\2.9.0\jackson-annotations-2.9.0.jar;C:\Users\amanda\.m2\repository\com\fasterxml\jackson\core\jackson-core\2.9.5\jackson-core-2.9.5.jar;C:\Users\amanda\.m2\repository\com\fasterxml\jackson\datatype\jackson-datatype-jdk8\2.9.5\jackson-datatype-jdk8-2.9.5.jar;C:\Users\amanda\.m2\repository\com\fasterxml\jackson\datatype\jackson-datatype-jsr310\2.9.5\jackson-datatype-jsr310-2.9.5.jar;C:\Users\amanda\.m2\repository\com\fasterxml\jackson\module\jackson-module-parameter-names\2.9.5\jackson-module-parameter-names-2.9.5.jar;C:\Users\amanda\.m2\repository\org\springframework\boot\spring-boot-starter-tomcat\2.0.2.RELEASE\spring-boot-starter-tomcat-2.0.2.RELEASE.jar;C:\Users\amanda\.m2\repository\org\apache\tomcat\embed\tomcat-embed-core\8.5.31\tomcat-embed-core-8.5.31.jar;C:\Users\amanda\.m2\repository\org\apache\tomcat\embed\tomcat-embed-el\8.5.31\tomcat-embed-el-8.5.31.jar;C:\Users\amanda\.m2\repository\org\apache\tomcat\embed\tomcat-embed-websocket\8.5.31\tomcat-embed-websocket-8.5.31.jar;C:\Users\amanda\.m2\repository\org\hibernate\validator\hibernate-validator\6.0.9.Final\hibernate-validator-6.0.9.Final.jar;C:\Users\amanda\.m2\repository\javax\validation\validation-api\2.0.1.Final\validation-api-2.0.1.Final.jar;C:\Users\amanda\.m2\repository\org\jboss\logging\jboss-logging\3.3.2.Final\jboss-logging-3.3.2.Final.jar;C:\Users\amanda\.m2\repository\com\fasterxml\classmate\1.3.4\classmate-1.3.4.jar;C:\Users\amanda\.m2\repository\org\springframework\spring-web\5.0.6.RELEASE\spring-web-5.0.6.RELEASE.jar;C:\Users\amanda\.m2\repository\org\springframework\spring-beans\5.0.6.RELEASE\spring-beans-5.0.6.RELEASE.jar;C:\Users\amanda\.m2\repository\org\springframework\spring-webmvc\5.0.6.RELEASE\spring-webmvc-5.0.6.RELEASE.jar;C:\Users\amanda\.m2\repository\org\springframework\spring-aop\5.0.6.RELEASE\spring-aop-5.0.6.RELEASE.jar;C:\Users\amanda\.m2\repository\org\springframework\spring-context\5.0.6.RELEASE\spring-context-5.0.6.RELEASE.jar;C:\Users\amanda\.m2\repository\org\springframework\spring-expression\5.0.6.RELEASE\spring-expression-5.0.6.RELEASE.jar;C:\Users\amanda\.m2\repository\org\springframework\boot\spring-boot-starter-thymeleaf\2.0.2.RELEASE\spring-boot-starter-thymeleaf-2.0.2.RELEASE.jar;C:\Users\amanda\.m2\repository\org\thymeleaf\thymeleaf-spring5\3.0.9.RELEASE\thymeleaf-spring5-3.0.9.RELEASE.jar;C:\Users\amanda\.m2\repository\org\thymeleaf\thymeleaf\3.0.9.RELEASE\thymeleaf-3.0.9.RELEASE.jar;C:\Users\amanda\.m2\repository\org\attoparser\attoparser\2.0.4.RELEASE\attoparser-2.0.4.RELEASE.jar;C:\Users\amanda\.m2\repository\org\unbescape\unbescape\1.1.5.RELEASE\unbescape-1.1.5.RELEASE.jar;C:\Users\amanda\.m2\repository\org\slf4j\slf4j-api\1.7.25\slf4j-api-1.7.25.jar;C:\Users\amanda\.m2\repository\org\thymeleaf\extras\thymeleaf-extras-java8time\3.0.1.RELEASE\thymeleaf-extras-java8time-3.0.1.RELEASE.jar;C:\Users\amanda\.m2\repository\org\springframework\boot\spring-boot-starter-data-jpa\2.0.2.RELEASE\spring-boot-starter-data-jpa-2.0.2.RELEASE.jar;C:\Users\amanda\.m2\repository\org\springframework\boot\spring-boot-starter-aop\2.0.2.RELEASE\spring-boot-starter-aop-2.0.2.RELEASE.jar;C:\Users\amanda\.m2\repository\org\aspectj\aspectjweaver\1.8.13\aspectjweaver-1.8.13.jar;C:\Users\amanda\.m2\repository\org\springframework\boot\spring-boot-starter-jdbc\2.0.2.RELEASE\spring-boot-starter-jdbc-2.0.2.RELEASE.jar;C:\Users\amanda\.m2\repository\com\zaxxer\HikariCP\2.7.9\HikariCP-2.7.9.jar;C:\Users\amanda\.m2\repository\org\springframework\spring-jdbc\5.0.6.RELEASE\spring-jdbc-5.0.6.RELEASE.jar;C:\Users\amanda\.m2\repository\org\hibernate\hibernate-core\5.2.17.Final\hibernate-core-5.2.17.Final.jar;C:\Users\amanda\.m2\repository\org\hibernate\javax\persistence\hibernate-jpa-2.1-api\1.0.0.Final\hibernate-jpa-2.1-api-1.0.0.Final.jar;C:\Users\amanda\.m2\repository\org\javassist\javassist\3.22.0-GA\javassist-3.22.0-GA.jar;C:\Users\amanda\.m2\repository\antlr\antlr\2.7.7\antlr-2.7.7.jar;C:\Users\amanda\.m2\repository\org\jboss\jandex\2.0.3.Final\jandex-2.0.3.Final.jar;C:\Users\amanda\.m2\repository\dom4j\dom4j\1.6.1\dom4j-1.6.1.jar;C:\Users\amanda\.m2\repository\org\hibernate\common\hibernate-commons-annotations\5.0.1.Final\hibernate-commons-annotations-5.0.1.Final.jar;C:\Users\amanda\.m2\repository\javax\transaction\javax.transaction-api\1.2\javax.transaction-api-1.2.jar;C:\Users\amanda\.m2\repository\org\springframework\data\spring-data-jpa\2.0.7.RELEASE\spring-data-jpa-2.0.7.RELEASE.jar;C:\Users\amanda\.m2\repository\org\springframework\data\spring-data-commons\2.0.7.RELEASE\spring-data-commons-2.0.7.RELEASE.jar;C:\Users\amanda\.m2\repository\org\springframework\spring-orm\5.0.6.RELEASE\spring-orm-5.0.6.RELEASE.jar;C:\Users\amanda\.m2\repository\org\springframework\spring-tx\5.0.6.RELEASE\spring-tx-5.0.6.RELEASE.jar;C:\Users\amanda\.m2\repository\org\springframework\spring-aspects\5.0.6.RELEASE\spring-aspects-5.0.6.RELEASE.jar;C:\Users\amanda\.m2\repository\org\springframework\boot\spring-boot-devtools\2.0.2.RELEASE\spring-boot-devtools-2.0.2.RELEASE.jar;C:\Users\amanda\.m2\repository\org\springframework\boot\spring-boot\2.0.2.RELEASE\spring-boot-2.0.2.RELEASE.jar;C:\Users\amanda\.m2\repository\org\springframework\boot\spring-boot-autoconfigure\2.0.2.RELEASE\spring-boot-autoconfigure-2.0.2.RELEASE.jar;C:\Users\amanda\.m2\repository\mysql\mysql-connector-java\5.1.46\mysql-connector-java-5.1.46.jar;C:\Users\amanda\.m2\repository\org\projectlombok\lombok\1.16.20\lombok-1.16.20.jar;C:\Users\amanda\.m2\repository\org\springframework\boot\spring-boot-starter-test\2.0.2.RELEASE\spring-boot-starter-test-2.0.2.RELEASE.jar;C:\Users\amanda\.m2\repository\org\springframework\boot\spring-boot-test\2.0.2.RELEASE\spring-boot-test-2.0.2.RELEASE.jar;C:\Users\amanda\.m2\repository\org\springframework\boot\spring-boot-test-autoconfigure\2.0.2.RELEASE\spring-boot-test-autoconfigure-2.0.2.RELEASE.jar;C:\Users\amanda\.m2\repository\com\jayway\jsonpath\json-path\2.4.0\json-path-2.4.0.jar;C:\Users\amanda\.m2\repository\net\minidev\json-smart\2.3\json-smart-2.3.jar;C:\Users\amanda\.m2\repository\net\minidev\accessors-smart\1.2\accessors-smart-1.2.jar;C:\Users\amanda\.m2\repository\org\ow2\asm\asm\5.0.4\asm-5.0.4.jar;C:\Users\amanda\.m2\repository\org\assertj\assertj-core\3.9.1\assertj-core-3.9.1.jar;C:\Users\amanda\.m2\repository\org\hamcrest\hamcrest-library\1.3\hamcrest-library-1.3.jar;C:\Users\amanda\.m2\repository\org\skyscreamer\jsonassert\1.5.0\jsonassert-1.5.0.jar;C:\Users\amanda\.m2\repository\com\vaadin\external\google\android-json\0.0.20131108.vaadin1\android-json-0.0.20131108.vaadin1.jar;C:\Users\amanda\.m2\repository\org\springframework\spring-core\5.0.6.RELEASE\spring-core-5.0.6.RELEASE.jar;C:\Users\amanda\.m2\repository\org\springframework\spring-jcl\5.0.6.RELEASE\spring-jcl-5.0.6.RELEASE.jar;C:\Users\amanda\.m2\repository\org\springframework\spring-test\5.0.6.RELEASE\spring-test-5.0.6.RELEASE.jar;C:\Users\amanda\.m2\repository\org\xmlunit\xmlunit-core\2.5.1\xmlunit-core-2.5.1.jar;C:\Users\amanda\.m2\repository\junit\junit\4.12\junit-4.12.jar;C:\Users\amanda\.m2\repository\org\hamcrest\hamcrest-core\1.3\hamcrest-core-1.3.jar;C:\Users\amanda\.m2\repository\org\mockito\mockito-core\2.15.0\mockito-core-2.15.0.jar;C:\Users\amanda\.m2\repository\net\bytebuddy\byte-buddy\1.7.11\byte-buddy-1.7.11.jar;C:\Users\amanda\.m2\repository\net\bytebuddy\byte-buddy-agent\1.7.11\byte-buddy-agent-1.7.11.jar;C:\Users\amanda\.m2\repository\org\objenesis\objenesis\2.6\objenesis-2.6.jar;, java.specification.name=Java Platform API Specification, java.class.version=52.0, sun.management.compiler=HotSpot 64-Bit Tiered Compilers, os.version=10.0, user.home=C:\Users\amanda, user.timezone=America/Chicago, java.awt.printerjob=sun.awt.windows.WPrinterJob, file.encoding=UTF-8, java.specification.version=1.8, java.class.path=C:\Users\amanda\Documents\Repos\amanda-hellenbrand-individual-work\SuperheroSightings\target\test-classes;C:\Users\amanda\Documents\Repos\amanda-hellenbrand-individual-work\SuperheroSightings\target\classes;C:\Users\amanda\.m2\repository\org\springframework\boot\spring-boot-starter-web\2.0.2.RELEASE\spring-boot-starter-web-2.0.2.RELEASE.jar;C:\Users\amanda\.m2\repository\org\springframework\boot\spring-boot-starter\2.0.2.RELEASE\spring-boot-starter-2.0.2.RELEASE.jar;C:\Users\amanda\.m2\repository\org\springframework\boot\spring-boot-starter-logging\2.0.2.RELEASE\spring-boot-starter-logging-2.0.2.RELEASE.jar;C:\Users\amanda\.m2\repository\ch\qos\logback\logback-classic\1.2.3\logback-classic-1.2.3.jar;C:\Users\amanda\.m2\repository\ch\qos\logback\logback-core\1.2.3\logback-core-1.2.3.jar;C:\Users\amanda\.m2\repository\org\apache\logging\log4j\log4j-to-slf4j\2.10.0\log4j-to-slf4j-2.10.0.jar;C:\Users\amanda\.m2\repository\org\apache\logging\log4j\log4j-api\2.10.0\log4j-api-2.10.0.jar;C:\Users\amanda\.m2\repository\org\slf4j\jul-to-slf4j\1.7.25\jul-to-slf4j-1.7.25.jar;C:\Users\amanda\.m2\repository\javax\annotation\javax.annotation-api\1.3.2\javax.annotation-api-1.3.2.jar;C:\Users\amanda\.m2\repository\org\yaml\snakeyaml\1.19\snakeyaml-1.19.jar;C:\Users\amanda\.m2\repository\org\springframework\boot\spring-boot-starter-json\2.0.2.RELEASE\spring-boot-starter-json-2.0.2.RELEASE.jar;C:\Users\amanda\.m2\repository\com\fasterxml\jackson\core\jackson-databind\2.9.5\jackson-databind-2.9.5.jar;C:\Users\amanda\.m2\repository\com\fasterxml\jackson\core\jackson-annotations\2.9.0\jackson-annotations-2.9.0.jar;C:\Users\amanda\.m2\repository\com\fasterxml\jackson\core\jackson-core\2.9.5\jackson-core-2.9.5.jar;C:\Users\amanda\.m2\repository\com\fasterxml\jackson\datatype\jackson-datatype-jdk8\2.9.5\jackson-datatype-jdk8-2.9.5.jar;C:\Users\amanda\.m2\repository\com\fasterxml\jackson\datatype\jackson-datatype-jsr310\2.9.5\jackson-datatype-jsr310-2.9.5.jar;C:\Users\amanda\.m2\repository\com\fasterxml\jackson\module\jackson-module-parameter-names\2.9.5\jackson-module-parameter-names-2.9.5.jar;C:\Users\amanda\.m2\repository\org\springframework\boot\spring-boot-starter-tomcat\2.0.2.RELEASE\spring-boot-starter-tomcat-2.0.2.RELEASE.jar;C:\Users\amanda\.m2\repository\org\apache\tomcat\embed\tomcat-embed-core\8.5.31\tomcat-embed-core-8.5.31.jar;C:\Users\amanda\.m2\repository\org\apache\tomcat\embed\tomcat-embed-el\8.5.31\tomcat-embed-el-8.5.31.jar;C:\Users\amanda\.m2\repository\org\apache\tomcat\embed\tomcat-embed-websocket\8.5.31\tomcat-embed-websocket-8.5.31.jar;C:\Users\amanda\.m2\repository\org\hibernate\validator\hibernate-validator\6.0.9.Final\hibernate-validator-6.0.9.Final.jar;C:\Users\amanda\.m2\repository\javax\validation\validation-api\2.0.1.Final\validation-api-2.0.1.Final.jar;C:\Users\amanda\.m2\repository\org\jboss\logging\jboss-logging\3.3.2.Final\jboss-logging-3.3.2.Final.jar;C:\Users\amanda\.m2\repository\com\fasterxml\classmate\1.3.4\classmate-1.3.4.jar;C:\Users\amanda\.m2\repository\org\springframework\spring-web\5.0.6.RELEASE\spring-web-5.0.6.RELEASE.jar;C:\Users\amanda\.m2\repository\org\springframework\spring-beans\5.0.6.RELEASE\spring-beans-5.0.6.RELEASE.jar;C:\Users\amanda\.m2\repository\org\springframework\spring-webmvc\5.0.6.RELEASE\spring-webmvc-5.0.6.RELEASE.jar;C:\Users\amanda\.m2\repository\org\springframework\spring-aop\5.0.6.RELEASE\spring-aop-5.0.6.RELEASE.jar;C:\Users\amanda\.m2\repository\org\springframework\spring-context\5.0.6.RELEASE\spring-context-5.0.6.RELEASE.jar;C:\Users\amanda\.m2\repository\org\springframework\spring-expression\5.0.6.RELEASE\spring-expression-5.0.6.RELEASE.jar;C:\Users\amanda\.m2\repository\org\springframework\boot\spring-boot-starter-thymeleaf\2.0.2.RELEASE\spring-boot-starter-thymeleaf-2.0.2.RELEASE.jar;C:\Users\amanda\.m2\repository\org\thymeleaf\thymeleaf-spring5\3.0.9.RELEASE\thymeleaf-spring5-3.0.9.RELEASE.jar;C:\Users\amanda\.m2\repository\org\thymeleaf\thymeleaf\3.0.9.RELEASE\thymeleaf-3.0.9.RELEASE.jar;C:\Users\amanda\.m2\repository\org\attoparser\attoparser\2.0.4.RELEASE\attoparser-2.0.4.RELEASE.jar;C:\Users\amanda\.m2\repository\org\unbescape\unbescape\1.1.5.RELEASE\unbescape-1.1.5.RELEASE.jar;C:\Users\amanda\.m2\repository\org\slf4j\slf4j-api\1.7.25\slf4j-api-1.7.25.jar;C:\Users\amanda\.m2\repository\org\thymeleaf\extras\thymeleaf-extras-java8time\3.0.1.RELEASE\thymeleaf-extras-java8time-3.0.1.RELEASE.jar;C:\Users\amanda\.m2\repository\org\springframework\boot\spring-boot-starter-data-jpa\2.0.2.RELEASE\spring-boot-starter-data-jpa-2.0.2.RELEASE.jar;C:\Users\amanda\.m2\repository\org\springframework\boot\spring-boot-starter-aop\2.0.2.RELEASE\spring-boot-starter-aop-2.0.2.RELEASE.jar;C:\Users\amanda\.m2\repository\org\aspectj\aspectjweaver\1.8.13\aspectjweaver-1.8.13.jar;C:\Users\amanda\.m2\repository\org\springframework\boot\spring-boot-starter-jdbc\2.0.2.RELEASE\spring-boot-starter-jdbc-2.0.2.RELEASE.jar;C:\Users\amanda\.m2\repository\com\zaxxer\HikariCP\2.7.9\HikariCP-2.7.9.jar;C:\Users\amanda\.m2\repository\org\springframework\spring-jdbc\5.0.6.RELEASE\spring-jdbc-5.0.6.RELEASE.jar;C:\Users\amanda\.m2\repository\org\hibernate\hibernate-core\5.2.17.Final\hibernate-core-5.2.17.Final.jar;C:\Users\amanda\.m2\repository\org\hibernate\javax\persistence\hibernate-jpa-2.1-api\1.0.0.Final\hibernate-jpa-2.1-api-1.0.0.Final.jar;C:\Users\amanda\.m2\repository\org\javassist\javassist\3.22.0-GA\javassist-3.22.0-GA.jar;C:\Users\amanda\.m2\repository\antlr\antlr\2.7.7\antlr-2.7.7.jar;C:\Users\amanda\.m2\repository\org\jboss\jandex\2.0.3.Final\jandex-2.0.3.Final.jar;C:\Users\amanda\.m2\repository\dom4j\dom4j\1.6.1\dom4j-1.6.1.jar;C:\Users\amanda\.m2\repository\org\hibernate\common\hibernate-commons-annotations\5.0.1.Final\hibernate-commons-annotations-5.0.1.Final.jar;C:\Users\amanda\.m2\repository\javax\transaction\javax.transaction-api\1.2\javax.transaction-api-1.2.jar;C:\Users\amanda\.m2\repository\org\springframework\data\spring-data-jpa\2.0.7.RELEASE\spring-data-jpa-2.0.7.RELEASE.jar;C:\Users\amanda\.m2\repository\org\springframework\data\spring-data-commons\2.0.7.RELEASE\spring-data-commons-2.0.7.RELEASE.jar;C:\Users\amanda\.m2\repository\org\springframework\spring-orm\5.0.6.RELEASE\spring-orm-5.0.6.RELEASE.jar;C:\Users\amanda\.m2\repository\org\springframework\spring-tx\5.0.6.RELEASE\spring-tx-5.0.6.RELEASE.jar;C:\Users\amanda\.m2\repository\org\springframework\spring-aspects\5.0.6.RELEASE\spring-aspects-5.0.6.RELEASE.jar;C:\Users\amanda\.m2\repository\org\springframework\boot\spring-boot-devtools\2.0.2.RELEASE\spring-boot-devtools-2.0.2.RELEASE.jar;C:\Users\amanda\.m2\repository\org\springframework\boot\spring-boot\2.0.2.RELEASE\spring-boot-2.0.2.RELEASE.jar;C:\Users\amanda\.m2\repository\org\springframework\boot\spring-boot-autoconfigure\2.0.2.RELEASE\spring-boot-autoconfigure-2.0.2.RELEASE.jar;C:\Users\amanda\.m2\repository\mysql\mysql-connector-java\5.1.46\mysql-connector-java-5.1.46.jar;C:\Users\amanda\.m2\repository\org\projectlombok\lombok\1.16.20\lombok-1.16.20.jar;C:\Users\amanda\.m2\repository\org\springframework\boot\spring-boot-starter-test\2.0.2.RELEASE\spring-boot-starter-test-2.0.2.RELEASE.jar;C:\Users\amanda\.m2\repository\org\springframework\boot\spring-boot-test\2.0.2.RELEASE\spring-boot-test-2.0.2.RELEASE.jar;C:\Users\amanda\.m2\repository\org\springframework\boot\spring-boot-test-autoconfigure\2.0.2.RELEASE\spring-boot-test-autoconfigure-2.0.2.RELEASE.jar;C:\Users\amanda\.m2\repository\com\jayway\jsonpath\json-path\2.4.0\json-path-2.4.0.jar;C:\Users\amanda\.m2\repository\net\minidev\json-smart\2.3\json-smart-2.3.jar;C:\Users\amanda\.m2\repository\net\minidev\accessors-smart\1.2\accessors-smart-1.2.jar;C:\Users\amanda\.m2\repository\org\ow2\asm\asm\5.0.4\asm-5.0.4.jar;C:\Users\amanda\.m2\repository\org\assertj\assertj-core\3.9.1\assertj-core-3.9.1.jar;C:\Users\amanda\.m2\repository\org\hamcrest\hamcrest-library\1.3\hamcrest-library-1.3.jar;C:\Users\amanda\.m2\repository\org\skyscreamer\jsonassert\1.5.0\jsonassert-1.5.0.jar;C:\Users\amanda\.m2\repository\com\vaadin\external\google\android-json\0.0.20131108.vaadin1\android-json-0.0.20131108.vaadin1.jar;C:\Users\amanda\.m2\repository\org\springframework\spring-core\5.0.6.RELEASE\spring-core-5.0.6.RELEASE.jar;C:\Users\amanda\.m2\repository\org\springframework\spring-jcl\5.0.6.RELEASE\spring-jcl-5.0.6.RELEASE.jar;C:\Users\amanda\.m2\repository\org\springframework\spring-test\5.0.6.RELEASE\spring-test-5.0.6.RELEASE.jar;C:\Users\amanda\.m2\repository\org\xmlunit\xmlunit-core\2.5.1\xmlunit-core-2.5.1.jar;C:\Users\amanda\.m2\repository\junit\junit\4.12\junit-4.12.jar;C:\Users\amanda\.m2\repository\org\hamcrest\hamcrest-core\1.3\hamcrest-core-1.3.jar;C:\Users\amanda\.m2\repository\org\mockito\mockito-core\2.15.0\mockito-core-2.15.0.jar;C:\Users\amanda\.m2\repository\net\bytebuddy\byte-buddy\1.7.11\byte-buddy-1.7.11.jar;C:\Users\amanda\.m2\repository\net\bytebuddy\byte-buddy-agent\1.7.11\byte-buddy-agent-1.7.11.jar;C:\Users\amanda\.m2\repository\org\objenesis\objenesis\2.6\objenesis-2.6.jar;, user.name=amanda, java.vm.specification.version=1.8, sun.java.command=C:\Users\amanda\AppData\Local\Temp\surefire1529536529505116081\surefirebooter6397697080966519990.jar C:\Users\amanda\AppData\Local\Temp\surefire1529536529505116081 2018-06-08T08-51-13_827-jvmRun1 surefire8864552845022112617tmp surefire_06983983509466248589tmp, java.home=C:\Program Files\Java\jdk1.8.0_172\jre, sun.arch.data.model=64, user.language=en, java.specification.vendor=Oracle Corporation, awt.toolkit=sun.awt.windows.WToolkit, java.vm.info=mixed mode, java.version=1.8.0_172, java.ext.dirs=C:\Program Files\Java\jdk1.8.0_172\jre\lib\ext;C:\WINDOWS\Sun\Java\lib\ext, sun.boot.class.path=C:\Program Files\Java\jdk1.8.0_172\jre\lib\resources.jar;C:\Program Files\Java\jdk1.8.0_172\jre\lib\rt.jar;C:\Program Files\Java\jdk1.8.0_172\jre\lib\sunrsasign.jar;C:\Program Files\Java\jdk1.8.0_172\jre\lib\jsse.jar;C:\Program Files\Java\jdk1.8.0_172\jre\lib\jce.jar;C:\Program Files\Java\jdk1.8.0_172\jre\lib\charsets.jar;C:\Program Files\Java\jdk1.8.0_172\jre\lib\jfr.jar;C:\Program Files\Java\jdk1.8.0_172\jre\classes, java.vendor=Oracle Corporation, localRepository=C:\Users\amanda\.m2\repository, file.separator=\, java.vendor.url.bug=http://bugreport.sun.com/bugreport/, sun.io.unicode.encoding=UnicodeLittle, sun.cpu.endian=little, sun.desktop=windows, sun.cpu.isalist=amd64}}, SystemEnvironmentPropertySource@1796371666 {name='systemEnvironment', properties={PATH=C:\Program Files (x86)\Common Files\Oracle\Java\javapath;C:\Program Files (x86)\iis express\PHP\v7.0;C:\WINDOWS\system32;C:\WINDOWS;C:\WINDOWS\System32\Wbem;C:\WINDOWS\System32\WindowsPowerShell\v1.0\;C:\Users\apprentice\.dnx\bin;C:\Program Files\Microsoft DNX\Dnvm\;C:\Program Files\Microsoft SQL Server\130\Tools\Binn\;C:\Program Files\Microsoft SQL Server\Client SDK\ODBC\110\Tools\Binn\;C:\Program Files (x86)\Microsoft SQL Server\120\Tools\Binn\;C:\Program Files\Microsoft SQL Server\120\Tools\Binn\;C:\Program Files\Microsoft SQL Server\120\DTS\Binn\;C:\Program Files (x86)\Microsoft SQL Server\120\Tools\Binn\ManagementStudio\;C:\Program Files (x86)\Microsoft SQL Server\120\DTS\Binn\;C:\WINDOWS\system32;C:\WINDOWS;C:\WINDOWS\System32\Wbem;C:\WINDOWS\System32\WindowsPowerShell\v1.0\;C:\Program Files\Java\jdk1.8.0_172\bin;C:\Program Files\Git\cmd;C:\Program Files\Java\jdk1.8.0_172\bin;C:\Users\amanda\AppData\Local\atom\bin;C:\Users\amanda\AppData\Local\Microsoft\WindowsApps;C:\Python27;, USERDOMAIN_ROAMINGPROFILE=DESKTOP-7281JCE, PROCESSOR_LEVEL=6, SYSTEMDRIVE=C:, VS140COMNTOOLS=C:\Program Files (x86)\Microsoft Visual Studio 14.0\Common7\Tools\, SESSIONNAME=Console, ALLUSERSPROFILE=C:\ProgramData, PROCESSOR_ARCHITECTURE=AMD64, NB_EXEC_MAVEN_PROCESS_UUID=46071642-2d2d-452a-b4fb-7b8a9e5193aa, PROGRAMFILES=C:\Program Files, PSMODULEPATH=C:\Program Files\WindowsPowerShell\Modules;C:\WINDOWS\system32\WindowsPowerShell\v1.0\Modules;C:\Program Files (x86)\Microsoft SQL Server\120\Tools\PowerShell\Modules\, PROGRAMDATA=C:\ProgramData, USERNAME=amanda, FPS_BROWSER_USER_PROFILE_STRING=Default, ONEDRIVE=C:\Users\amanda\OneDrive, PATHEXT=.COM;.EXE;.BAT;.CMD;.VBS;.VBE;.JS;.JSE;.WSF;.WSH;.MSC, CLASSWORLDS_JAR="C:\Program Files\NetBeans 8.2\java\maven\boot\plexus-classworlds-2.4.jar", WINDIR=C:\WINDOWS, HOMEPATH=\Users\amanda, PROCESSOR_IDENTIFIER=Intel64 Family 6 Model 60 Stepping 3, GenuineIntel, M2_HOME=C:\Program Files\NetBeans 8.2\java\maven, MAVEN_JAVA_EXE="C:\Program Files\Java\jdk1.8.0_172\bin\java.exe", PUBLIC=C:\Users\Public, =::=::\, LOCALAPPDATA=C:\Users\amanda\AppData\Local, COMMONPROGRAMFILES(X86)=C:\Program Files (x86)\Common Files, USERDOMAIN=DESKTOP-7281JCE, FPS_BROWSER_APP_PROFILE_STRING=Internet Explorer, LOGONSERVER=\\DESKTOP-7281JCE, JAVA_HOME=C:\Program Files\Java\jdk1.8.0_172, PROMPT=$P$G, PROGRAMFILES(X86)=C:\Program Files (x86), ERROR_CODE=0, =C:=C:\Users\amanda\Documents\Repos\amanda-hellenbrand-individual-work\SuperheroSightings, APPDATA=C:\Users\amanda\AppData\Roaming, PROGRAMW6432=C:\Program Files, SYSTEMROOT=C:\WINDOWS, MAVEN_CMD_LINE_ARGS=-Dmaven.ext.class.path="C:\Program Files\NetBeans 8.2\java\maven-nblib\netbeans-eventspy.jar" -Dfile.encoding=UTF-8 clean install, OS=Windows_NT, COMMONPROGRAMW6432=C:\Program Files\Common Files, COMPUTERNAME=DESKTOP-7281JCE, COMMONPROGRAMFILES=C:\Program Files\Common Files, COMSPEC=C:\WINDOWS\system32\cmd.exe, PROCESSOR_REVISION=3c03, CLASSWORLDS_LAUNCHER=org.codehaus.plexus.classworlds.launcher.Launcher, TEMP=C:\Users\amanda\AppData\Local\Temp, HOMEDRIVE=C:, USERPROFILE=C:\Users\amanda, TMP=C:\Users\amanda\AppData\Local\Temp, NUMBER_OF_PROCESSORS=4, HOME=C:\Users\amanda}}]
08:51:15.824 [main] DEBUG org.springframework.core.io.support.PathMatchingResourcePatternResolver - Resolved classpath location [com/sg/superherosightings/data/] to resources [URL [file:/C:/Users/amanda/Documents/Repos/amanda-hellenbrand-individual-work/SuperheroSightings/target/test-classes/com/sg/superherosightings/data/], URL [file:/C:/Users/amanda/Documents/Repos/amanda-hellenbrand-individual-work/SuperheroSightings/target/classes/com/sg/superherosightings/data/]]
08:51:15.840 [main] DEBUG org.springframework.core.io.support.PathMatchingResourcePatternResolver - Looking for matching resources in directory tree [C:\Users\amanda\Documents\Repos\amanda-hellenbrand-individual-work\SuperheroSightings\target\test-classes\com\sg\superherosightings\data]
08:51:15.840 [main] DEBUG org.springframework.core.io.support.PathMatchingResourcePatternResolver - Searching directory [C:\Users\amanda\Documents\Repos\amanda-hellenbrand-individual-work\SuperheroSightings\target\test-classes\com\sg\superherosightings\data] for files matching pattern [C:/Users/amanda/Documents/Repos/amanda-hellenbrand-individual-work/SuperheroSightings/target/test-classes/com/sg/superherosightings/data/*.class]
08:51:15.840 [main] DEBUG org.springframework.core.io.support.PathMatchingResourcePatternResolver - Looking for matching resources in directory tree [C:\Users\amanda\Documents\Repos\amanda-hellenbrand-individual-work\SuperheroSightings\target\classes\com\sg\superherosightings\data]
08:51:15.840 [main] DEBUG org.springframework.core.io.support.PathMatchingResourcePatternResolver - Searching directory [C:\Users\amanda\Documents\Repos\amanda-hellenbrand-individual-work\SuperheroSightings\target\classes\com\sg\superherosightings\data] for files matching pattern [C:/Users/amanda/Documents/Repos/amanda-hellenbrand-individual-work/SuperheroSightings/target/classes/com/sg/superherosightings/data/*.class]
08:51:15.840 [main] DEBUG org.springframework.core.io.support.PathMatchingResourcePatternResolver - Resolved location pattern [classpath*:com/sg/superherosightings/data/*.class] to resources [file [C:\Users\amanda\Documents\Repos\amanda-hellenbrand-individual-work\SuperheroSightings\target\test-classes\com\sg\superherosightings\data\LocationRepositoryTest.class], file [C:\Users\amanda\Documents\Repos\amanda-hellenbrand-individual-work\SuperheroSightings\target\test-classes\com\sg\superherosightings\data\SightingRepositoryTest.class], file [C:\Users\amanda\Documents\Repos\amanda-hellenbrand-individual-work\SuperheroSightings\target\test-classes\com\sg\superherosightings\data\SuperRepositoryTest.class], file [C:\Users\amanda\Documents\Repos\amanda-hellenbrand-individual-work\SuperheroSightings\target\classes\com\sg\superherosightings\data\AbilityRepository.class], file [C:\Users\amanda\Documents\Repos\amanda-hellenbrand-individual-work\SuperheroSightings\target\classes\com\sg\superherosightings\data\LocationRepository.class], file [C:\Users\amanda\Documents\Repos\amanda-hellenbrand-individual-work\SuperheroSightings\target\classes\com\sg\superherosightings\data\OrganizationRepository.class], file [C:\Users\amanda\Documents\Repos\amanda-hellenbrand-individual-work\SuperheroSightings\target\classes\com\sg\superherosightings\data\SightingRepository.class], file [C:\Users\amanda\Documents\Repos\amanda-hellenbrand-individual-work\SuperheroSightings\target\classes\com\sg\superherosightings\data\SuperRepository.class]]
08:51:15.902 [main] DEBUG org.springframework.core.io.support.PathMatchingResourcePatternResolver - Resolved classpath location [com/sg/superherosightings/] to resources [URL [file:/C:/Users/amanda/Documents/Repos/amanda-hellenbrand-individual-work/SuperheroSightings/target/test-classes/com/sg/superherosightings/], URL [file:/C:/Users/amanda/Documents/Repos/amanda-hellenbrand-individual-work/SuperheroSightings/target/classes/com/sg/superherosightings/]]
08:51:15.902 [main] DEBUG org.springframework.core.io.support.PathMatchingResourcePatternResolver - Looking for matching resources in directory tree [C:\Users\amanda\Documents\Repos\amanda-hellenbrand-individual-work\SuperheroSightings\target\test-classes\com\sg\superherosightings]
08:51:15.902 [main] DEBUG org.springframework.core.io.support.PathMatchingResourcePatternResolver - Searching directory [C:\Users\amanda\Documents\Repos\amanda-hellenbrand-individual-work\SuperheroSightings\target\test-classes\com\sg\superherosightings] for files matching pattern [C:/Users/amanda/Documents/Repos/amanda-hellenbrand-individual-work/SuperheroSightings/target/test-classes/com/sg/superherosightings/*.class]
08:51:15.902 [main] DEBUG org.springframework.core.io.support.PathMatchingResourcePatternResolver - Looking for matching resources in directory tree [C:\Users\amanda\Documents\Repos\amanda-hellenbrand-individual-work\SuperheroSightings\target\classes\com\sg\superherosightings]
08:51:15.902 [main] DEBUG org.springframework.core.io.support.PathMatchingResourcePatternResolver - Searching directory [C:\Users\amanda\Documents\Repos\amanda-hellenbrand-individual-work\SuperheroSightings\target\classes\com\sg\superherosightings] for files matching pattern [C:/Users/amanda/Documents/Repos/amanda-hellenbrand-individual-work/SuperheroSightings/target/classes/com/sg/superherosightings/*.class]
08:51:15.902 [main] DEBUG org.springframework.core.io.support.PathMatchingResourcePatternResolver - Resolved location pattern [classpath*:com/sg/superherosightings/*.class] to resources [file [C:\Users\amanda\Documents\Repos\amanda-hellenbrand-individual-work\SuperheroSightings\target\classes\com\sg\superherosightings\App.class]]
08:51:15.949 [main] DEBUG org.springframework.context.annotation.ClassPathScanningCandidateComponentProvider - Identified candidate component class: file [C:\Users\amanda\Documents\Repos\amanda-hellenbrand-individual-work\SuperheroSightings\target\classes\com\sg\superherosightings\App.class]
08:51:15.965 [main] INFO org.springframework.boot.test.context.SpringBootTestContextBootstrapper - Found @SpringBootConfiguration com.sg.superherosightings.App for test class com.sg.superherosightings.data.LocationRepositoryTest
08:51:16.090 [main] DEBUG org.springframework.boot.test.context.SpringBootTestContextBootstrapper - @TestExecutionListeners is not present for class [com.sg.superherosightings.data.LocationRepositoryTest]: using defaults.
08:51:16.090 [main] INFO org.springframework.boot.test.context.SpringBootTestContextBootstrapper - Loaded default TestExecutionListener class names from location [META-INF/spring.factories]: [org.springframework.boot.test.mock.mockito.MockitoTestExecutionListener, org.springframework.boot.test.mock.mockito.ResetMocksTestExecutionListener, org.springframework.boot.test.autoconfigure.restdocs.RestDocsTestExecutionListener, org.springframework.boot.test.autoconfigure.web.client.MockRestServiceServerResetTestExecutionListener, org.springframework.boot.test.autoconfigure.web.servlet.MockMvcPrintOnlyOnFailureTestExecutionListener, org.springframework.boot.test.autoconfigure.web.servlet.WebDriverTestExecutionListener, org.springframework.test.context.web.ServletTestExecutionListener, org.springframework.test.context.support.DirtiesContextBeforeModesTestExecutionListener, org.springframework.test.context.support.DependencyInjectionTestExecutionListener, org.springframework.test.context.support.DirtiesContextTestExecutionListener, org.springframework.test.context.transaction.TransactionalTestExecutionListener, org.springframework.test.context.jdbc.SqlScriptsTestExecutionListener]
08:51:16.121 [main] INFO org.springframework.boot.test.context.SpringBootTestContextBootstrapper - Using TestExecutionListeners: [org.springframework.test.context.web.ServletTestExecutionListener@394df057, org.springframework.test.context.support.DirtiesContextBeforeModesTestExecutionListener@4961f6af, org.springframework.boot.test.mock.mockito.MockitoTestExecutionListener@5aebe890, org.springframework.boot.test.autoconfigure.SpringBootDependencyInjectionTestExecutionListener@65d09a04, org.springframework.test.context.support.DirtiesContextTestExecutionListener@33c911a1, org.springframework.test.context.transaction.TransactionalTestExecutionListener@75db5df9, org.springframework.test.context.jdbc.SqlScriptsTestExecutionListener@707194ba, org.springframework.boot.test.mock.mockito.ResetMocksTestExecutionListener@1190200a, org.springframework.boot.test.autoconfigure.restdocs.RestDocsTestExecutionListener@6a2f6f80, org.springframework.boot.test.autoconfigure.web.client.MockRestServiceServerResetTestExecutionListener@45b4c3a9, org.springframework.boot.test.autoconfigure.web.servlet.MockMvcPrintOnlyOnFailureTestExecutionListener@399c4be1, org.springframework.boot.test.autoconfigure.web.servlet.WebDriverTestExecutionListener@291caca8]
08:51:16.121 [main] DEBUG org.springframework.test.annotation.ProfileValueUtils - Retrieved @ProfileValueSourceConfiguration [null] for test class [com.sg.superherosightings.data.LocationRepositoryTest]
08:51:16.121 [main] DEBUG org.springframework.test.annotation.ProfileValueUtils - Retrieved ProfileValueSource type [class org.springframework.test.annotation.SystemProfileValueSource] for class [com.sg.superherosightings.data.LocationRepositoryTest]
08:51:16.121 [main] DEBUG org.springframework.test.annotation.ProfileValueUtils - Retrieved @ProfileValueSourceConfiguration [null] for test class [com.sg.superherosightings.data.LocationRepositoryTest]
08:51:16.121 [main] DEBUG org.springframework.test.annotation.ProfileValueUtils - Retrieved ProfileValueSource type [class org.springframework.test.annotation.SystemProfileValueSource] for class [com.sg.superherosightings.data.LocationRepositoryTest]
08:51:16.121 [main] DEBUG org.springframework.test.annotation.ProfileValueUtils - Retrieved @ProfileValueSourceConfiguration [null] for test class [com.sg.superherosightings.data.LocationRepositoryTest]
08:51:16.121 [main] DEBUG org.springframework.test.annotation.ProfileValueUtils - Retrieved ProfileValueSource type [class org.springframework.test.annotation.SystemProfileValueSource] for class [com.sg.superherosightings.data.LocationRepositoryTest]
]]></system-out>
  </testcase>
</testsuite>